Virtuoso Framework License (111) was checked out successfully. Total checkout time was 0.01s.
********************************************************************************
Product   : Virtuoso(R) XStream Out
Program   : @(#)$CDS: strmout version ICADV12.3-64b 03/07/2017 18:41 (sjfhw306) $
          : sub-version  ICADV12.3-64b.500.10 
Started at: 01-Jun-2017  20:55:19
User Name : jdhan
Host Name : bwrcr720-13.EECS.Berkeley.EDU
Directory : /tools/projects/jdhan/BAG/BAG2_cds_ff_mpt
CADENCE Design Systems, Inc.
********************************************************************************
Info: Cellview Rev Num:99,  Tech Rev Num:59

Loading cds_ff_mpt/libInit.il ...
	Loading cds_ff_mpt/loadCxt.ile ... done!
	Loading context 'cds_ff_mpt' from library 'cds_ff_mpt' ... done!
	Loading context 'pdkUtils' from library 'cds_ff_mpt' ... done!
	Loading cds_ff_mpt/cds_ff_mpt_customFilter.il ... done!
	Loading cds_ff_mpt/libInitCustomExit.il ... 
	Loading Environment Settings ...
	Loading cds_ff_mpt/libInitCktPro.il ... done!

  *************************************************************           
  *              Cadence Design Systems, Inc.                 *           
  *                                                           *           
  *             Generic Finfet Multi Pattern PDK              *           
  *                     (cds_ff_mpt)                          *           
  *                                                           *           
  *************************************************************           
	

	VERSION: 0.3 (22-March-2017) built using ICADV12.3-64b

done!
	Loading cds_ff_mpt/cds_ff_mptFgrUtil.il ... 
*Error* eval: undefined function - vfoGRUpdateCreateFormSize
failed!
	Loading cds_ff_mpt/cds_ff_mptFgrRing.il ... 
done!
Failed to load cds_ff_mpt/libInit.il successfully!INFO (XSTRM-217): Reading the layer map file, /tools/cadence/GPDK/cds_ff_mpt_v_0.3/cds_ff_mpt/cds_ff_mpt.layermap
INFO (XSTRM-217): Reading the object map file, /tools/cadence/GPDK/cds_ff_mpt_v_0.3/cds_ff_mpt/cds_ff_mpt.objectmap
INFO (XSTRM-328): The '-enableColoring' and '-topCell' options are specified but '-arrayInstToScalar' option is not specified. Additionally, the layer map file has unlocked mapping entries. The GDS file will be generated with the effective color for the unlocked color shapes. However, array instances might be written as multiple SREF records in the GDS file because the effective color requires color variant generation.
INFO (XSTRM-162): You have not used the viaMap option. If the OpenAccess design has native oaVia instances, use the -viaMap option for preserving oaVia instances in a Stream Out - Stream In round trip. Using the -viaMap option improves performance and VM usage of applications using the Streamed-In design.  For details on the viaMap option, refer to the "Design Data Translator's Reference" guide for XStream.

Summary of Options :
library                                 cds_ff_mpt_logic_templates
strmFile                                /tools/projects/jdhan/BAG/BAG2_cds_ff_mpt/pvs_run/latch_2ck_2x.gds
topCell                                 latch_2ck_2x
view                                    layout
runDir                                  /tools/projects/jdhan/BAG/BAG2_cds_ff_mpt/pvs_run
logFile                                 /tools/projects/jdhan/BAG/BAG2_cds_ff_mpt/pvs_run/PIPO1.LOG
techLib                                 cds_ff_mpt
hierDepth                               32
maxVertices                             2048
layerMap                                /tools/cadence/GPDK/cds_ff_mpt_v_0.3/cds_ff_mpt/cds_ff_mpt.layermap
objectMap                                /tools/cadence/GPDK/cds_ff_mpt_v_0.3/cds_ff_mpt/cds_ff_mpt.objectmap
userSkillFile                           /tools/projects/jdhan/BAG/BAG2_cds_ff_mpt/pvs_run/strmout.il
labelDepth                              32
case                                    Preserve
convertDot                              node
enableColoring

INFO (XSTRM-223): 1. Translating cellView cds_ff_mpt_microtemplates_dense/via_M3_M4_0/layout as STRUCTURE via_M3_M4_0.
INFO (XSTRM-223): 2. Translating cellView cds_ff_mpt_microtemplates_dense/via_M1_M2_1/layout as STRUCTURE via_M1_M2_1.
INFO (XSTRM-223): 3. Translating cellView cds_ff_mpt_microtemplates_dense/via_M1_M2_2/layout as STRUCTURE via_M1_M2_2.
INFO (XSTRM-223): 4. Translating cellView cds_ff_mpt_microtemplates_dense/via_M1_M2_0/layout as STRUCTURE via_M1_M2_0.
INFO (XSTRM-223): 5. Translating cellView cds_ff_mpt_microtemplates_dense/_sd_base/layout as STRUCTURE _sd_base.
INFO (XSTRM-223): 6. Translating cellView cds_ff_mpt_microtemplates_dense/_gate_base_nf2/layout as STRUCTURE _gate_base_nf2.
INFO (XSTRM-223): 7. Translating cellView cds_ff_mpt/n1lvt/layout as STRUCTURE n1lvt$$1.
INFO (XSTRM-223): 8. Translating cellView cds_ff_mpt_microtemplates_dense/_nmos4_fast_base_nf1/layout as STRUCTURE _nmos4_fast_base_nf1.
WARNING (XSTRM-35): The objects in the layer-purpose pair 'prBoundary:boundary' are ignored. This is because the layer-purpose pair used in the design is not specified in the layer map file. Specify the layer-purpose pair in the layer map file and try again.
INFO (XSTRM-223): 9. Translating cellView cds_ff_mpt_microtemplates_dense/nmos4_fast_center_nf2/layout as STRUCTURE nmos4_fast_center_nf2.
INFO (XSTRM-223): 10. Translating cellView cds_ff_mpt_microtemplates_dense/via_M2_M3_0/layout as STRUCTURE via_M2_M3_0.
INFO (XSTRM-223): 11. Translating cellView cds_ff_mpt_microtemplates_dense/_nmos4_fast_boundary_base/layout as STRUCTURE _nmos4_fast_boundary_base.
INFO (XSTRM-223): 12. Translating cellView cds_ff_mpt_microtemplates_dense/nmos4_fast_boundary/layout as STRUCTURE nmos4_fast_boundary.
INFO (XSTRM-223): 13. Translating cellView cds_ff_mpt_microtemplates_dense/_pmos4_fast_boundary_base/layout as STRUCTURE _pmos4_fast_boundary_base.
INFO (XSTRM-223): 14. Translating cellView cds_ff_mpt_microtemplates_dense/pmos4_fast_boundary/layout as STRUCTURE pmos4_fast_boundary.
INFO (XSTRM-223): 15. Translating cellView cds_ff_mpt/p1lvt/layout as STRUCTURE p1lvt$$2.
INFO (XSTRM-223): 16. Translating cellView cds_ff_mpt_microtemplates_dense/_pmos4_fast_base_nf1/layout as STRUCTURE _pmos4_fast_base_nf1.
INFO (XSTRM-223): 17. Translating cellView cds_ff_mpt_microtemplates_dense/pmos4_fast_center_nf2/layout as STRUCTURE pmos4_fast_center_nf2.
INFO (XSTRM-223): 18. Translating cellView cds_ff_mpt_logic_templates/tinv_2x/layout as STRUCTURE tinv_2x.
INFO (XSTRM-223): 19. Translating cellView cds_ff_mpt_logic_templates/inv_2x/layout as STRUCTURE inv_2x.
INFO (XSTRM-223): 20. Translating cellView cds_ff_mpt_microtemplates_dense/_nmos4_fast_space_base_nf1/layout as STRUCTURE _nmos4_fast_space_base_nf1.
INFO (XSTRM-223): 21. Translating cellView cds_ff_mpt_microtemplates_dense/nmos4_fast_space/layout as STRUCTURE nmos4_fast_space.
INFO (XSTRM-223): 22. Translating cellView cds_ff_mpt_microtemplates_dense/_gate_base_nf1_left/layout as STRUCTURE _gate_base_nf1_left.
INFO (XSTRM-223): 23. Translating cellView cds_ff_mpt_microtemplates_dense/_gate_base_nf1_right/layout as STRUCTURE _gate_base_nf1_right.
INFO (XSTRM-223): 24. Translating cellView cds_ff_mpt_microtemplates_dense/nmos4_fast_center_2stack/layout as STRUCTURE nmos4_fast_center_2stack.
INFO (XSTRM-223): 25. Translating cellView cds_ff_mpt_microtemplates_dense/_pmos4_fast_space_base_nf1/layout as STRUCTURE _pmos4_fast_space_base_nf1.
INFO (XSTRM-223): 26. Translating cellView cds_ff_mpt_microtemplates_dense/pmos4_fast_space/layout as STRUCTURE pmos4_fast_space.
INFO (XSTRM-223): 27. Translating cellView cds_ff_mpt_microtemplates_dense/pmos4_fast_center_2stack/layout as STRUCTURE pmos4_fast_center_2stack.
INFO (XSTRM-223): 28. Translating cellView cds_ff_mpt_logic_templates/tinv_small_1x/layout as STRUCTURE tinv_small_1x.
INFO (XSTRM-223): 29. Translating cellView cds_ff_mpt_logic_templates/latch_2ck_2x/layout as STRUCTURE latch_2ck_2x.

Summary of Objects Translated:
	Scalar Instances:                       113
	Array Instances:                        0
	Polygons:                               0
	Paths:                                  0
	Rectangles:                             222
	Lines:                                  0
	Arcs:                                   0
	Donuts:                                 0
	Dots:                                   0
	Ellipses:                               0
	Boundaries:                             0
	Area Blockages:                         0
	Layer Blockages:                        0
	Area Halos:                             0
	Markers:                                0
	Rows:                                   0
	Stitch:                                 0
	Standard Vias                           0
	Custom Vias:                            0
	CdsGen Vias:                            0
	Pathsegs:                               0
	Text:                                   42
	TextDisplay:                            0
	Cells:                                  29

Elapsed Time: 0.4s   User Time: 0.1s   CPU Time: 0.0s   Peak VM: 7488KB
INFO (XSTRM-234): Translation completed. '0' error(s) and '1' warning(s) found.
